android/app/build/intermediates/manifest_merge_blame_file/release/manifest-merger-blame-release-report.txt
1<?xml version="1.0" encoding="utf-8"?>
2<manifest xmlns:android="http://schemas.android.com/apk/res/android"
3    package="com.doan"
4    android:versionCode="1"
5    android:versionName="1.0" >
6
7    <uses-sdk
8        android:minSdkVersion="16"
8-->src\main\AndroidManifest.xml
9        android:targetSdkVersion="28" />
9-->src\main\AndroidManifest.xml
10
11    <uses-permission android:name="android.permission.INTERNET" />
11-->src\main\AndroidManifest.xml:4:5-67
11-->src\main\AndroidManifest.xml:4:22-64
12    <uses-permission android:name="android.permission.WRITE_EXTERNAL_STORAGE" />
12-->[:react-native-image-crop-picker] AndroidManifest.xml:10:5-81
12-->[:react-native-image-crop-picker] AndroidManifest.xml:10:22-78
13
14    <application
14-->src\main\AndroidManifest.xml:6:5-25:19
15        android:name="com.doan.MainApplication"
15-->src\main\AndroidManifest.xml:7:7-38
16        android:allowBackup="false"
16-->src\main\AndroidManifest.xml:11:7-34
17        android:appComponentFactory="androidx.core.app.CoreComponentFactory"
17-->[androidx.core:core:1.1.0] AndroidManifest.xml:24:18-86
18        android:icon="@mipmap/ic_launcher"
18-->src\main\AndroidManifest.xml:9:7-41
19        android:label="@string/app_name"
19-->src\main\AndroidManifest.xml:8:7-39
20        android:roundIcon="@mipmap/ic_launcher_round"
20-->src\main\AndroidManifest.xml:10:7-52
21        android:theme="@style/AppTheme" >
21-->src\main\AndroidManifest.xml:12:7-38
22        <activity
22-->src\main\AndroidManifest.xml:13:7-23:18
23            android:name="com.doan.MainActivity"
23-->src\main\AndroidManifest.xml:14:9-37
24            android:configChanges="keyboard|keyboardHidden|orientation|screenSize|uiMode"
24-->src\main\AndroidManifest.xml:16:9-86
25            android:label="@string/app_name"
25-->src\main\AndroidManifest.xml:15:9-41
26            android:launchMode="singleTask"
26-->src\main\AndroidManifest.xml:17:9-40
27            android:windowSoftInputMode="adjustResize" >
27-->src\main\AndroidManifest.xml:18:9-51
28            <intent-filter>
28-->src\main\AndroidManifest.xml:19:9-22:25
29                <action android:name="android.intent.action.MAIN" />
29-->src\main\AndroidManifest.xml:20:13-65
29-->src\main\AndroidManifest.xml:20:21-62
30
31                <category android:name="android.intent.category.LAUNCHER" />
31-->src\main\AndroidManifest.xml:21:13-73
31-->src\main\AndroidManifest.xml:21:23-70
32            </intent-filter>
33        </activity>
34        <activity android:name="com.facebook.react.devsupport.DevSettingsActivity" />
34-->src\main\AndroidManifest.xml:24:7-84
34-->src\main\AndroidManifest.xml:24:17-81
35
36        <provider
36-->[:react-native-image-crop-picker] AndroidManifest.xml:13:9-21:20
37            android:name="androidx.core.content.FileProvider"
37-->[:react-native-image-crop-picker] AndroidManifest.xml:14:13-62
38            android:authorities="com.doan.provider"
38-->[:react-native-image-crop-picker] AndroidManifest.xml:15:13-60
39            android:exported="false"
39-->[:react-native-image-crop-picker] AndroidManifest.xml:16:13-37
40            android:grantUriPermissions="true" >
40-->[:react-native-image-crop-picker] AndroidManifest.xml:17:13-47
41            <meta-data
41-->[:react-native-image-crop-picker] AndroidManifest.xml:18:13-20:58
42                android:name="android.support.FILE_PROVIDER_PATHS"
42-->[:react-native-image-crop-picker] AndroidManifest.xml:19:17-67
43                android:resource="@xml/provider_paths" />
43-->[:react-native-image-crop-picker] AndroidManifest.xml:20:17-55
44        </provider>
45
46        <activity
46-->[:react-native-image-crop-picker] AndroidManifest.xml:23:9-25:72
47            android:name="com.yalantis.ucrop.UCropActivity"
47-->[:react-native-image-crop-picker] AndroidManifest.xml:24:13-60
48            android:theme="@style/Theme.AppCompat.Light.NoActionBar" />
48-->[:react-native-image-crop-picker] AndroidManifest.xml:25:13-69
49    </application>
50
51</manifest>